# JRE version: Java(TM) SE Runtime Environment (8.0_111-b14) (build 1.8.0_111-b14)
# Java VM: Java HotSpot(TM) 64-Bit Server VM (25.111-b14 mixed mode windows-amd64 compressed oops)
Heap:
 PSYoungGen      total 116736K, used 70105K [0x00000000d5f00000, 0x00000000df400000, 0x0000000100000000)
  eden space 107520K, 56% used [0x00000000d5f00000,0x00000000d9ac1368,0x00000000dc800000)
  from space 9216K, 96% used [0x00000000deb00000,0x00000000df3b50b0,0x00000000df400000)
  to   space 10752K, 0% used [0x00000000ddf00000,0x00000000ddf00000,0x00000000de980000)
 ParOldGen       total 58880K, used 8573K [0x0000000081c00000, 0x0000000085580000, 0x00000000d5f00000)
  object space 58880K, 14% used [0x0000000081c00000,0x000000008245f408,0x0000000085580000)
 Metaspace       used 29685K, capacity 31140K, committed 31232K, reserved 1077248K
  class space    used 3673K, capacity 4023K, committed 4096K, reserved 1048576K
GC Heap History (10 events):
Event: 5.374 GC heap before
{Heap before GC invocations=3 (full 0):
 PSYoungGen      total 38400K, used 38395K [0x00000000d5f00000, 0x00000000daa00000, 0x0000000100000000)
  eden space 33280K, 100% used [0x00000000d5f00000,0x00000000d7f80000,0x00000000d7f80000)
  from space 5120K, 99% used [0x00000000d8480000,0x00000000d897ec10,0x00000000d8980000)
  to   space 5120K, 0% used [0x00000000d7f80000,0x00000000d7f80000,0x00000000d8480000)
 ParOldGen       total 87552K, used 2255K [0x0000000081c00000, 0x0000000087180000, 0x00000000d5f00000)
  object space 87552K, 2% used [0x0000000081c00000,0x0000000081e33cc8,0x0000000087180000)
 Metaspace       used 16481K, capacity 16938K, committed 17152K, reserved 1064960K
  class space    used 2115K, capacity 2297K, committed 2304K, reserved 1048576K
Event: 5.400 GC heap after
Heap after GC invocations=3 (full 0):
 PSYoungGen      total 38400K, used 5088K [0x00000000d5f00000, 0x00000000daa00000, 0x0000000100000000)
  eden space 33280K, 0% used [0x00000000d5f00000,0x00000000d5f00000,0x00000000d7f80000)
  from space 5120K, 99% used [0x00000000d7f80000,0x00000000d84782c0,0x00000000d8480000)
  to   space 5120K, 0% used [0x00000000da500000,0x00000000da500000,0x00000000daa00000)
 ParOldGen       total 87552K, used 5120K [0x0000000081c00000, 0x0000000087180000, 0x00000000d5f00000)
  object space 87552K, 5% used [0x0000000081c00000,0x00000000821000a0,0x0000000087180000)
 Metaspace       used 16481K, capacity 16938K, committed 17152K, reserved 1064960K
  class space    used 2115K, capacity 2297K, committed 2304K, reserved 1048576K
}
Event: 6.992 GC heap before
{Heap before GC invocations=4 (full 0):
 PSYoungGen      total 38400K, used 38368K [0x00000000d5f00000, 0x00000000daa00000, 0x0000000100000000)
  eden space 33280K, 100% used [0x00000000d5f00000,0x00000000d7f80000,0x00000000d7f80000)
  from space 5120K, 99% used [0x00000000d7f80000,0x00000000d84782c0,0x00000000d8480000)
  to   space 5120K, 0% used [0x00000000da500000,0x00000000da500000,0x00000000daa00000)
 ParOldGen       total 87552K, used 5120K [0x0000000081c00000, 0x0000000087180000, 0x00000000d5f00000)
  object space 87552K, 5% used [0x0000000081c00000,0x00000000821000a0,0x0000000087180000)
 Metaspace       used 19302K, capacity 20100K, committed 20352K, reserved 1067008K
  class space    used 2442K, capacity 2659K, committed 2688K, reserved 1048576K
Event: 7.014 GC heap after
Heap after GC invocations=4 (full 0):
 PSYoungGen      total 71680K, used 5104K [0x00000000d5f00000, 0x00000000daa00000, 0x0000000100000000)
  eden space 66560K, 0% used [0x00000000d5f00000,0x00000000d5f00000,0x00000000da000000)
  from space 5120K, 99% used [0x00000000da500000,0x00000000da9fc180,0x00000000daa00000)
  to   space 5120K, 0% used [0x00000000da000000,0x00000000da000000,0x00000000da500000)
 ParOldGen       total 87552K, used 9214K [0x0000000081c00000, 0x0000000087180000, 0x00000000d5f00000)
  object space 87552K, 10% used [0x0000000081c00000,0x00000000824ffb78,0x0000000087180000)
 Metaspace       used 19302K, capacity 20100K, committed 20352K, reserved 1067008K
  class space    used 2442K, capacity 2659K, committed 2688K, reserved 1048576K
}
Event: 7.280 GC heap before
{Heap before GC invocations=5 (full 0):
 PSYoungGen      total 71680K, used 11872K [0x00000000d5f00000, 0x00000000daa00000, 0x0000000100000000)
  eden space 66560K, 10% used [0x00000000d5f00000,0x00000000d659bf50,0x00000000da000000)
  from space 5120K, 99% used [0x00000000da500000,0x00000000da9fc180,0x00000000daa00000)
  to   space 5120K, 0% used [0x00000000da000000,0x00000000da000000,0x00000000da500000)
 ParOldGen       total 87552K, used 9214K [0x0000000081c00000, 0x0000000087180000, 0x00000000d5f00000)
  object space 87552K, 10% used [0x0000000081c00000,0x00000000824ffb78,0x0000000087180000)
 Metaspace       used 20332K, capacity 21196K, committed 21248K, reserved 1067008K
  class space    used 2562K, capacity 2782K, committed 2816K, reserved 1048576K
Event: 7.296 GC heap after
Heap after GC invocations=5 (full 0):
 PSYoungGen      total 71680K, used 5104K [0x00000000d5f00000, 0x00000000df500000, 0x0000000100000000)
  eden space 66560K, 0% used [0x00000000d5f00000,0x00000000d5f00000,0x00000000da000000)
  from space 5120K, 99% used [0x00000000da000000,0x00000000da4fc160,0x00000000da500000)
  to   space 10240K, 0% used [0x00000000deb00000,0x00000000deb00000,0x00000000df500000)
 ParOldGen       total 87552K, used 10221K [0x0000000081c00000, 0x0000000087180000, 0x00000000d5f00000)
  object space 87552K, 11% used [0x0000000081c00000,0x00000000825fb770,0x0000000087180000)
 Metaspace       used 20332K, capacity 21196K, committed 21248K, reserved 1067008K
  class space    used 2562K, capacity 2782K, committed 2816K, reserved 1048576K
}
Event: 7.296 GC heap before
{Heap before GC invocations=6 (full 1):
 PSYoungGen      total 71680K, used 5104K [0x00000000d5f00000, 0x00000000df500000, 0x0000000100000000)
  eden space 66560K, 0% used [0x00000000d5f00000,0x00000000d5f00000,0x00000000da000000)
  from space 5120K, 99% used [0x00000000da000000,0x00000000da4fc160,0x00000000da500000)
  to   space 10240K, 0% used [0x00000000deb00000,0x00000000deb00000,0x00000000df500000)
 ParOldGen       total 87552K, used 10221K [0x0000000081c00000, 0x0000000087180000, 0x00000000d5f00000)
  object space 87552K, 11% used [0x0000000081c00000,0x00000000825fb770,0x0000000087180000)
 Metaspace       used 20332K, capacity 21196K, committed 21248K, reserved 1067008K
  class space    used 2562K, capacity 2782K, committed 2816K, reserved 1048576K
Event: 7.388 GC heap after
Heap after GC invocations=6 (full 1):
 PSYoungGen      total 71680K, used 0K [0x00000000d5f00000, 0x00000000df500000, 0x0000000100000000)
  eden space 66560K, 0% used [0x00000000d5f00000,0x00000000d5f00000,0x00000000da000000)
  from space 5120K, 0% used [0x00000000da000000,0x00000000da000000,0x00000000da500000)
  to   space 10240K, 0% used [0x00000000deb00000,0x00000000deb00000,0x00000000df500000)
 ParOldGen       total 58880K, used 8573K [0x0000000081c00000, 0x0000000085580000, 0x00000000d5f00000)
  object space 58880K, 14% used [0x0000000081c00000,0x000000008245f408,0x0000000085580000)
 Metaspace       used 20332K, capacity 21196K, committed 21248K, reserved 1067008K
  class space    used 2562K, capacity 2782K, committed 2816K, reserved 1048576K
}
Event: 10.223 GC heap before
{Heap before GC invocations=7 (full 1):
 PSYoungGen      total 71680K, used 66560K [0x00000000d5f00000, 0x00000000df500000, 0x0000000100000000)
  eden space 66560K, 100% used [0x00000000d5f00000,0x00000000da000000,0x00000000da000000)
  from space 5120K, 0% used [0x00000000da000000,0x00000000da000000,0x00000000da500000)
  to   space 10240K, 0% used [0x00000000deb00000,0x00000000deb00000,0x00000000df500000)
 ParOldGen       total 58880K, used 8573K [0x0000000081c00000, 0x0000000085580000, 0x00000000d5f00000)
  object space 58880K, 14% used [0x0000000081c00000,0x000000008245f408,0x0000000085580000)
 Metaspace       used 26794K, capacity 28086K, committed 28288K, reserved 1073152K
  class space    used 3340K, capacity 3675K, committed 3712K, reserved 1048576K
Event: 10.258 GC heap after
Heap after GC invocations=7 (full 1):
 PSYoungGen      total 116736K, used 8916K [0x00000000d5f00000, 0x00000000df400000, 0x0000000100000000)
  eden space 107520K, 0% used [0x00000000d5f00000,0x00000000d5f00000,0x00000000dc800000)
  from space 9216K, 96% used [0x00000000deb00000,0x00000000df3b50b0,0x00000000df400000)
  to   space 10752K, 0% used [0x00000000ddf00000,0x00000000ddf00000,0x00000000de980000)
 ParOldGen       total 58880K, used 8573K [0x0000000081c00000, 0x0000000085580000, 0x00000000d5f00000)
  object space 58880K, 14% used [0x0000000081c00000,0x000000008245f408,0x0000000085580000)
 Metaspace       used 26794K, capacity 28086K, committed 28288K, reserved 1073152K
  class space    used 3340K, capacity 3675K, committed 3712K, reserved 1048576K
}

