# JRE version: Java(TM) SE Runtime Environment (8.0_111-b14) (build 1.8.0_111-b14)
# Java VM: Java HotSpot(TM) 64-Bit Server VM (25.111-b14 mixed mode windows-amd64 compressed oops)
Heap:
 PSYoungGen      total 138240K, used 40042K [0x00000000d5f00000, 0x00000000deb00000, 0x0000000100000000)
  eden space 133120K, 30% used [0x00000000d5f00000,0x00000000d861a9d0,0x00000000de100000)
  from space 5120K, 0% used [0x00000000de600000,0x00000000de600000,0x00000000deb00000)
  to   space 5120K, 0% used [0x00000000de100000,0x00000000de100000,0x00000000de600000)
 ParOldGen       total 60928K, used 8779K [0x0000000081c00000, 0x0000000085780000, 0x00000000d5f00000)
  object space 60928K, 14% used [0x0000000081c00000,0x0000000082492ce0,0x0000000085780000)
 Metaspace       used 24636K, capacity 25798K, committed 25984K, reserved 1071104K
  class space    used 3111K, capacity 3449K, committed 3456K, reserved 1048576K
GC Heap History (10 events):
Event: 0.868 GC heap before
{Heap before GC invocations=1 (full 0):
 PSYoungGen      total 38400K, used 33280K [0x00000000d5f00000, 0x00000000d8980000, 0x0000000100000000)
  eden space 33280K, 100% used [0x00000000d5f00000,0x00000000d7f80000,0x00000000d7f80000)
  from space 5120K, 0% used [0x00000000d8480000,0x00000000d8480000,0x00000000d8980000)
  to   space 5120K, 0% used [0x00000000d7f80000,0x00000000d7f80000,0x00000000d8480000)
 ParOldGen       total 87552K, used 0K [0x0000000081c00000, 0x0000000087180000, 0x00000000d5f00000)
  object space 87552K, 0% used [0x0000000081c00000,0x0000000081c00000,0x0000000087180000)
 Metaspace       used 10042K, capacity 10326K, committed 10624K, reserved 1058816K
  class space    used 1255K, capacity 1383K, committed 1408K, reserved 1048576K
Event: 0.880 GC heap after
Heap after GC invocations=1 (full 0):
 PSYoungGen      total 38400K, used 5107K [0x00000000d5f00000, 0x00000000daa00000, 0x0000000100000000)
  eden space 33280K, 0% used [0x00000000d5f00000,0x00000000d5f00000,0x00000000d7f80000)
  from space 5120K, 99% used [0x00000000d7f80000,0x00000000d847ce88,0x00000000d8480000)
  to   space 5120K, 0% used [0x00000000da500000,0x00000000da500000,0x00000000daa00000)
 ParOldGen       total 87552K, used 658K [0x0000000081c00000, 0x0000000087180000, 0x00000000d5f00000)
  object space 87552K, 0% used [0x0000000081c00000,0x0000000081ca4aa0,0x0000000087180000)
 Metaspace       used 10042K, capacity 10326K, committed 10624K, reserved 1058816K
  class space    used 1255K, capacity 1383K, committed 1408K, reserved 1048576K
}
Event: 1.363 GC heap before
{Heap before GC invocations=2 (full 0):
 PSYoungGen      total 38400K, used 38387K [0x00000000d5f00000, 0x00000000daa00000, 0x0000000100000000)
  eden space 33280K, 100% used [0x00000000d5f00000,0x00000000d7f80000,0x00000000d7f80000)
  from space 5120K, 99% used [0x00000000d7f80000,0x00000000d847ce88,0x00000000d8480000)
  to   space 5120K, 0% used [0x00000000da500000,0x00000000da500000,0x00000000daa00000)
 ParOldGen       total 87552K, used 658K [0x0000000081c00000, 0x0000000087180000, 0x00000000d5f00000)
  object space 87552K, 0% used [0x0000000081c00000,0x0000000081ca4aa0,0x0000000087180000)
 Metaspace       used 12353K, capacity 12658K, committed 12928K, reserved 1060864K
  class space    used 1537K, capacity 1653K, committed 1664K, reserved 1048576K
Event: 1.370 GC heap after
Heap after GC invocations=2 (full 0):
 PSYoungGen      total 71680K, used 5097K [0x00000000d5f00000, 0x00000000daa00000, 0x0000000100000000)
  eden space 66560K, 0% used [0x00000000d5f00000,0x00000000d5f00000,0x00000000da000000)
  from space 5120K, 99% used [0x00000000da500000,0x00000000da9fa768,0x00000000daa00000)
  to   space 5120K, 0% used [0x00000000da000000,0x00000000da000000,0x00000000da500000)
 ParOldGen       total 87552K, used 2116K [0x0000000081c00000, 0x0000000087180000, 0x00000000d5f00000)
  object space 87552K, 2% used [0x0000000081c00000,0x0000000081e111e8,0x0000000087180000)
 Metaspace       used 12353K, capacity 12658K, committed 12928K, reserved 1060864K
  class space    used 1537K, capacity 1653K, committed 1664K, reserved 1048576K
}
Event: 4.634 GC heap before
{Heap before GC invocations=3 (full 0):
 PSYoungGen      total 71680K, used 71657K [0x00000000d5f00000, 0x00000000daa00000, 0x0000000100000000)
  eden space 66560K, 100% used [0x00000000d5f00000,0x00000000da000000,0x00000000da000000)
  from space 5120K, 99% used [0x00000000da500000,0x00000000da9fa768,0x00000000daa00000)
  to   space 5120K, 0% used [0x00000000da000000,0x00000000da000000,0x00000000da500000)
 ParOldGen       total 87552K, used 2116K [0x0000000081c00000, 0x0000000087180000, 0x00000000d5f00000)
  object space 87552K, 2% used [0x0000000081c00000,0x0000000081e111e8,0x0000000087180000)
 Metaspace       used 19237K, capacity 20004K, committed 20096K, reserved 1067008K
  class space    used 2433K, capacity 2652K, committed 2688K, reserved 1048576K
Event: 4.656 GC heap after
Heap after GC invocations=3 (full 0):
 PSYoungGen      total 71680K, used 5105K [0x00000000d5f00000, 0x00000000deb00000, 0x0000000100000000)
  eden space 66560K, 0% used [0x00000000d5f00000,0x00000000d5f00000,0x00000000da000000)
  from space 5120K, 99% used [0x00000000da000000,0x00000000da4fc7d0,0x00000000da500000)
  to   space 5120K, 0% used [0x00000000de600000,0x00000000de600000,0x00000000deb00000)
 ParOldGen       total 87552K, used 9169K [0x0000000081c00000, 0x0000000087180000, 0x00000000d5f00000)
  object space 87552K, 10% used [0x0000000081c00000,0x00000000824f44d0,0x0000000087180000)
 Metaspace       used 19237K, capacity 20004K, committed 20096K, reserved 1067008K
  class space    used 2433K, capacity 2652K, committed 2688K, reserved 1048576K
}
Event: 4.861 GC heap before
{Heap before GC invocations=4 (full 0):
 PSYoungGen      total 71680K, used 14620K [0x00000000d5f00000, 0x00000000deb00000, 0x0000000100000000)
  eden space 66560K, 14% used [0x00000000d5f00000,0x00000000d684aac0,0x00000000da000000)
  from space 5120K, 99% used [0x00000000da000000,0x00000000da4fc7d0,0x00000000da500000)
  to   space 5120K, 0% used [0x00000000de600000,0x00000000de600000,0x00000000deb00000)
 ParOldGen       total 87552K, used 9169K [0x0000000081c00000, 0x0000000087180000, 0x00000000d5f00000)
  object space 87552K, 10% used [0x0000000081c00000,0x00000000824f44d0,0x0000000087180000)
 Metaspace       used 20332K, capacity 21196K, committed 21248K, reserved 1067008K
  class space    used 2557K, capacity 2782K, committed 2816K, reserved 1048576K
Event: 4.875 GC heap after
Heap after GC invocations=4 (full 0):
 PSYoungGen      total 138240K, used 5089K [0x00000000d5f00000, 0x00000000deb00000, 0x0000000100000000)
  eden space 133120K, 0% used [0x00000000d5f00000,0x00000000d5f00000,0x00000000de100000)
  from space 5120K, 99% used [0x00000000de600000,0x00000000deaf87c0,0x00000000deb00000)
  to   space 5120K, 0% used [0x00000000de100000,0x00000000de100000,0x00000000de600000)
 ParOldGen       total 87552K, used 10572K [0x0000000081c00000, 0x0000000087180000, 0x00000000d5f00000)
  object space 87552K, 12% used [0x0000000081c00000,0x0000000082653040,0x0000000087180000)
 Metaspace       used 20332K, capacity 21196K, committed 21248K, reserved 1067008K
  class space    used 2557K, capacity 2782K, committed 2816K, reserved 1048576K
}
Event: 4.875 GC heap before
{Heap before GC invocations=5 (full 1):
 PSYoungGen      total 138240K, used 5089K [0x00000000d5f00000, 0x00000000deb00000, 0x0000000100000000)
  eden space 133120K, 0% used [0x00000000d5f00000,0x00000000d5f00000,0x00000000de100000)
  from space 5120K, 99% used [0x00000000de600000,0x00000000deaf87c0,0x00000000deb00000)
  to   space 5120K, 0% used [0x00000000de100000,0x00000000de100000,0x00000000de600000)
 ParOldGen       total 87552K, used 10572K [0x0000000081c00000, 0x0000000087180000, 0x00000000d5f00000)
  object space 87552K, 12% used [0x0000000081c00000,0x0000000082653040,0x0000000087180000)
 Metaspace       used 20332K, capacity 21196K, committed 21248K, reserved 1067008K
  class space    used 2557K, capacity 2782K, committed 2816K, reserved 1048576K
Event: 4.938 GC heap after
Heap after GC invocations=5 (full 1):
 PSYoungGen      total 138240K, used 0K [0x00000000d5f00000, 0x00000000deb00000, 0x0000000100000000)
  eden space 133120K, 0% used [0x00000000d5f00000,0x00000000d5f00000,0x00000000de100000)
  from space 5120K, 0% used [0x00000000de600000,0x00000000de600000,0x00000000deb00000)
  to   space 5120K, 0% used [0x00000000de100000,0x00000000de100000,0x00000000de600000)
 ParOldGen       total 60928K, used 8779K [0x0000000081c00000, 0x0000000085780000, 0x00000000d5f00000)
  object space 60928K, 14% used [0x0000000081c00000,0x0000000082492ce0,0x0000000085780000)
 Metaspace       used 20332K, capacity 21196K, committed 21248K, reserved 1067008K
  class space    used 2557K, capacity 2782K, committed 2816K, reserved 1048576K
}

